<?xml version="1.0" encoding="UTF-8"?>
<!-- Generated by org.testng.reporters.JUnitReportReporter -->
<testsuite name="AvactisRegistrationPageTestCases.AvactisSingInTestFlow" tests="3" time="31.334" ignored="0" failures="0" timestamp="30 Jun 2019 14:22:48 GMT" skipped="0" hostname="MANJEET-PC" errors="0">
  <testcase name="testCaseTwo" time="8.333" classname="AvactisRegistrationPageTestCases.AvactisSingInTestFlow"/>
  <testcase name="UserLoginWithvalidData" time="13.257" classname="AvactisRegistrationPageTestCases.AvactisSingInTestFlow"/>
  <testcase name="UserLoginWithInvalidData" time="9.744" classname="AvactisRegistrationPageTestCases.AvactisSingInTestFlow"/>
</testsuite> <!-- AvactisRegistrationPageTestCases.AvactisSingInTestFlow -->
