<?xml version="1.0" encoding="UTF-8"?>
<!-- Generated by org.testng.reporters.JUnitReportReporter -->
<testsuite name="AvactisRegistrationPageTestCases.AvactisSingInTestFlow" tests="2" time="45.457" ignored="0" failures="0" timestamp="11 Feb 2019 08:28:44 GMT" skipped="0" hostname="MANJEET-PC" errors="0">
  <testcase name="UserLoginWithvalidData" time="23.308" classname="AvactisRegistrationPageTestCases.AvactisSingInTestFlow"/>
  <testcase name="UserLoginWithInvalidData" time="22.149" classname="AvactisRegistrationPageTestCases.AvactisSingInTestFlow"/>
</testsuite> <!-- AvactisRegistrationPageTestCases.AvactisSingInTestFlow -->
