<?xml version="1.0" encoding="UTF-8"?>
<!-- Generated by org.testng.reporters.JUnitReportReporter -->
<testsuite name="AvactisRegistrationPageTestCases.AvactisRegistrationFlowTest" tests="1" time="17.322" ignored="0" failures="0" timestamp="11 Feb 2019 07:36:28 GMT" skipped="0" hostname="MANJEET-PC" errors="0">
  <testcase name="SingInbuttonfunction" time="17.322" classname="AvactisRegistrationPageTestCases.AvactisRegistrationFlowTest"/>
</testsuite> <!-- AvactisRegistrationPageTestCases.AvactisRegistrationFlowTest -->
