<?xml version="1.0" encoding="UTF-8"?>
<!-- Generated by org.testng.reporters.JUnitReportReporter -->
<testsuite name="AvactisRegistrationPageTestCases.AvactisRegistrationFlowTest" tests="1" time="0.000" ignored="0" failures="0" timestamp="03 Feb 2019 05:29:35 GMT" skipped="1" hostname="MANJEET-PC" errors="0">
  <testcase name="avaticsNewUserregistrationflowtest" time="0.000" classname="AvactisRegistrationPageTestCases.AvactisRegistrationFlowTest">
    <skipped/>
  </testcase> <!-- avaticsNewUserregistrationflowtest -->
</testsuite> <!-- AvactisRegistrationPageTestCases.AvactisRegistrationFlowTest -->
